Determining if the pthread_create exist failed with the following output:
Change Dir: /workspace/home/CppND-Route-Planning-Project/build/CMakeFiles/CMakeTmp

Run Build Command:"/usr/bin/make" "cmTC_8b8cf/fast"
/usr/bin/make -f CMakeFiles/cmTC_8b8cf.dir/build.make CMakeFiles/cmTC_8b8cf.dir/build
make[1]: Entering directory '/workspace/home/CppND-Route-Planning-Project/build/CMakeFiles/CMakeTmp'
Building C object CMakeFiles/cmTC_8b8cf.dir/CheckSymbolExists.c.o
/usr/bin/cc    -o CMakeFiles/cmTC_8b8cf.dir/CheckSymbolExists.c.o   -c /workspace/home/CppND-Route-Planning-Project/build/CMakeFiles/CMakeTmp/CheckSymbolExists.c
Linking C executable cmTC_8b8cf
/usr/local/bin/cmake -E cmake_link_script CMakeFiles/cmTC_8b8cf.dir/link.txt --verbose=1
/usr/bin/cc      -rdynamic CMakeFiles/cmTC_8b8cf.dir/CheckSymbolExists.c.o  -o cmTC_8b8cf 
CMakeFiles/cmTC_8b8cf.dir/CheckSymbolExists.c.o: In function `main':
CheckSymbolExists.c:(.text+0x16): undefined reference to `pthread_create'
collect2: error: ld returned 1 exit status
CMakeFiles/cmTC_8b8cf.dir/build.make:86: recipe for target 'cmTC_8b8cf' failed
make[1]: *** [cmTC_8b8cf] Error 1
make[1]: Leaving directory '/workspace/home/CppND-Route-Planning-Project/build/CMakeFiles/CMakeTmp'
Makefile:121: recipe for target 'cmTC_8b8cf/fast' failed
make: *** [cmTC_8b8cf/fast] Error 2

File /workspace/home/CppND-Route-Planning-Project/build/CMakeFiles/CMakeTmp/CheckSymbolExists.c:
/* */
#include <pthread.h>

int main(int argc, char** argv)
{
  (void)argv;
#ifndef pthread_create
  return ((int*)(&pthread_create))[argc];
#else
  (void)argc;
  return 0;
#endif
}

Determining if the function pthread_create exists in the pthreads failed with the following output:
Change Dir: /workspace/home/CppND-Route-Planning-Project/build/CMakeFiles/CMakeTmp

Run Build Command:"/usr/bin/make" "cmTC_6b893/fast"
/usr/bin/make -f CMakeFiles/cmTC_6b893.dir/build.make CMakeFiles/cmTC_6b893.dir/build
make[1]: Entering directory '/workspace/home/CppND-Route-Planning-Project/build/CMakeFiles/CMakeTmp'
Building C object CMakeFiles/cmTC_6b893.dir/CheckFunctionExists.c.o
/usr/bin/cc   -DCHECK_FUNCTION_EXISTS=pthread_create   -o CMakeFiles/cmTC_6b893.dir/CheckFunctionExists.c.o   -c /usr/local/share/cmake-3.13/Modules/CheckFunctionExists.c
Linking C executable cmTC_6b893
/usr/local/bin/cmake -E cmake_link_script CMakeFiles/cmTC_6b893.dir/link.txt --verbose=1
/usr/bin/cc  -DCHECK_FUNCTION_EXISTS=pthread_create    -rdynamic CMakeFiles/cmTC_6b893.dir/CheckFunctionExists.c.o  -o cmTC_6b893 -lpthreads 
/usr/bin/ld: cannot find -lpthreads
collect2: error: ld returned 1 exit status
CMakeFiles/cmTC_6b893.dir/build.make:86: recipe for target 'cmTC_6b893' failed
make[1]: *** [cmTC_6b893] Error 1
make[1]: Leaving directory '/workspace/home/CppND-Route-Planning-Project/build/CMakeFiles/CMakeTmp'
Makefile:121: recipe for target 'cmTC_6b893/fast' failed
make: *** [cmTC_6b893/fast] Error 2


